#
# There is insufficient memory for the Java Runtime Environment to continue.
# Native memory allocation (malloc) failed to allocate 761616 bytes for Chunk::new
# Possible reasons:
#   The system is out of physical RAM or swap space
#   In 32 bit mode, the process size limit was hit
# Possible solutions:
#   Reduce memory load on the system
#   Increase physical memory or swap space
#   Check if swap backing store is full
#   Use 64 bit Java on a 64 bit OS
#   Decrease Java heap size (-Xmx/-Xms)
#   Decrease number of Java threads
#   Decrease Java thread stack sizes (-Xss)
#   Set larger code cache with -XX:ReservedCodeCacheSize=
# This output file may be truncated or incomplete.
#
#  Out of Memory Error (allocation.cpp:390), pid=9692, tid=1736
#
# JRE version: Java(TM) SE Runtime Environment (8.0_73-b02) (build 1.8.0_73-b02)
# Java VM: Java HotSpot(TM) 64-Bit Server VM (25.73-b02 mixed mode windows-amd64 compressed oops)
# Failed to write core dump. Minidumps are not enabled by default on client versions of Windows
#

---------------  T H R E A D  ---------------

Current thread (0x00000000148a9800):  JavaThread "C2 CompilerThread0" daemon [_thread_in_native, id=1736, stack(0x0000000015ee0000,0x0000000015fe0000)]

Stack: [0x0000000015ee0000,0x0000000015fe0000]
[error occurred during error reporting (printing stack bounds), id 0xc0000005]

Native frames: (J=compiled Java code, j=interpreted, Vv=VM code, C=native code)


Current CompileTask:
C2:   1385 1002       4       com.android.dx.ssa.SCCP::simulateBranch (666 bytes)


---------------  P R O C E S S  ---------------

Java Threads: ( => current thread )
  0x000000001645d000 JavaThread "pool-1-thread-4" [_thread_in_vm, id=2940, stack(0x0000000016be0000,0x0000000016ce0000)]
  0x000000001645c000 JavaThread "pool-1-thread-3" [_thread_in_Java, id=9352, stack(0x0000000016ae0000,0x0000000016be0000)]
  0x0000000016398800 JavaThread "pool-1-thread-2" [_thread_in_Java, id=976, stack(0x00000000169e0000,0x0000000016ae0000)]
  0x0000000016392000 JavaThread "pool-2-thread-1" [_thread_blocked, id=7880, stack(0x00000000168e0000,0x00000000169e0000)]
  0x0000000016391000 JavaThread "pool-1-thread-1" [_thread_in_Java, id=8304, stack(0x00000000167e0000,0x00000000168e0000)]
  0x00000000161e5800 JavaThread "Service Thread" daemon [_thread_blocked, id=3464, stack(0x00000000165e0000,0x00000000166e0000)]
  0x000000001490c000 JavaThread "C1 CompilerThread2" daemon [_thread_blocked, id=1064, stack(0x00000000160e0000,0x00000000161e0000)]
  0x00000000148b0000 JavaThread "C2 CompilerThread1" daemon [_thread_in_native, id=740, stack(0x0000000015fe0000,0x00000000160e0000)]
=>0x00000000148a9800 JavaThread "C2 CompilerThread0" daemon [_thread_in_native, id=1736, stack(0x0000000015ee0000,0x0000000015fe0000)]
  0x00000000148a7800 JavaThread "Attach Listener" daemon [_thread_blocked, id=1256, stack(0x0000000015de0000,0x0000000015ee0000)]
  0x00000000148a6000 JavaThread "Signal Dispatcher" daemon [_thread_blocked, id=5856, stack(0x0000000015ce0000,0x0000000015de0000)]
  0x00000000021d0800 JavaThread "Finalizer" daemon [_thread_blocked, id=9052, stack(0x0000000015b00000,0x0000000015c00000)]
  0x00000000021cd000 JavaThread "Reference Handler" daemon [_thread_blocked, id=3692, stack(0x0000000015a00000,0x0000000015b00000)]
  0x00000000020e0800 JavaThread "main" [_thread_blocked, id=8952, stack(0x0000000000770000,0x0000000000870000)]

Other Threads:
  0x0000000014878000 VMThread [stack: 0x0000000015900000,0x0000000015a00000] [id=4928]
  0x00000000161f1000 WatcherThread [stack: 0x00000000166e0000,0x00000000167e0000] [id=10208]

VM state:not at safepoint (normal execution)

VM Mutex/Monitor currently owned by a thread: None

Heap:
 PSYoungGen      total 38400K, used 27348K [0x00000000eab00000, 0x00000000ed580000, 0x0000000100000000)
  eden space 33280K, 82% used [0x00000000eab00000,0x00000000ec5b5188,0x00000000ecb80000)
  from space 5120K, 0% used [0x00000000ed080000,0x00000000ed080000,0x00000000ed580000)
  to   space 5120K, 0% used [0x00000000ecb80000,0x00000000ecb80000,0x00000000ed080000)
 ParOldGen       total 87552K, used 0K [0x00000000c0000000, 0x00000000c5580000, 0x00000000eab00000)
  object space 87552K, 0% used [0x00000000c0000000,0x00000000c0000000,0x00000000c5580000)
 Metaspace       used 5922K, capacity 6898K, committed 7040K, reserved 1056768K
  class space    used 603K, capacity 618K, committed 640K, reserved 1048576K

Card table byte_map: [0x00000000115a0000,0x00000000117b0000] byte_map_base: 0x0000000010fa0000

Marking Bits: (ParMarkBitMap*) 0x000000005ae10600
 Begin Bits: [0x0000000011d10000, 0x0000000012d10000)
 End Bits:   [0x0000000012d10000, 0x0000000013d10000)

Polling page: 0x00000000004f0000

CodeCache: size=245760Kb used=4156Kb max_used=4156Kb free=241603Kb
 bounds [0x00000000021e0000, 0x0000000002600000, 0x00000000111e0000]
 total_blobs=1298 nmethods=1029 adapters=182
 compilation: enabled

Compilation events (10 events):
Event: 1.380 Thread 0x000000001490c000 1033       3       com.android.dx.ssa.DeadCodeRemover$NoSideEffectVisitor::visitPhiInsn (22 bytes)
Event: 1.380 Thread 0x000000001490c000 nmethod 1033 0x00000000025ec750 code [0x00000000025ec900, 0x00000000025ed048]
Event: 1.380 Thread 0x000000001490c000 1034       3       com.android.dx.rop.code.RopMethod::calcPredecessors (227 bytes)
Event: 1.381 Thread 0x000000001490c000 nmethod 1034 0x00000000025ed310 code [0x00000000025ed620, 0x00000000025ef248]
Event: 1.382 Thread 0x000000001490c000 1037       3       com.android.dx.ssa.back.FirstFitLocalCombiningAllocator::getLocalItemForReg (97 bytes)
Event: 1.382 Thread 0x000000001490c000 nmethod 1037 0x00000000025f0210 code [0x00000000025f0460, 0x00000000025f13d8]
Event: 1.382 Thread 0x000000001490c000 1039       3       com.android.dx.ssa.SsaMethod::onInsnsChanged (16 bytes)
Event: 1.383 Thread 0x000000001490c000 nmethod 1039 0x00000000025f1950 code [0x00000000025f1aa0, 0x00000000025f1c30]
Event: 1.383 Thread 0x000000001490c000 1040       3       com.android.dx.ssa.SsaMethod$1::visitMoveInsn (17 bytes)
Event: 1.383 Thread 0x000000001490c000 nmethod 1040 0x00000000025f1cd0 code [0x00000000025f1e40, 0x00000000025f2230]

GC Heap History (0 events):
No events

Deoptimization events (10 events):
Event: 1.179 Thread 0x00000000020e0800 Uncommon trap: reason=unstable_if action=reinterpret pc=0x0000000002402c20 method=java.util.HashMap.getNode(ILjava/lang/Object;)Ljava/util/HashMap$Node; @ 129
Event: 1.204 Thread 0x000000001645c000 Uncommon trap: reason=class_check action=maybe_recompile pc=0x00000000024bdfa4 method=com.android.dx.rop.type.Type.equals(Ljava/lang/Object;)Z @ 8
Event: 1.208 Thread 0x000000001645c000 Uncommon trap: reason=class_check action=maybe_recompile pc=0x00000000024bdfa4 method=com.android.dx.rop.type.Type.equals(Ljava/lang/Object;)Z @ 8
Event: 1.217 Thread 0x000000001645d000 Uncommon trap: reason=unstable_if action=reinterpret pc=0x00000000024cc41c method=com.android.dx.rop.cst.Constant.compareTo(Lcom/android/dx/rop/cst/Constant;)I @ 12
Event: 1.220 Thread 0x000000001645c000 Uncommon trap: reason=class_check action=maybe_recompile pc=0x00000000024bdfa4 method=com.android.dx.rop.type.Type.equals(Ljava/lang/Object;)Z @ 8
Event: 1.220 Thread 0x000000001645c000 Uncommon trap: reason=class_check action=maybe_recompile pc=0x00000000024bdfa4 method=com.android.dx.rop.type.Type.equals(Ljava/lang/Object;)Z @ 8
Event: 1.222 Thread 0x000000001645c000 Uncommon trap: reason=class_check action=maybe_recompile pc=0x000000000247bc28 method=com.android.dx.rop.type.Type.equals(Ljava/lang/Object;)Z @ 8
Event: 1.304 Thread 0x0000000016391000 Uncommon trap: reason=unstable_if action=reinterpret pc=0x00000000024c5bac method=com.android.dx.rop.code.RegisterSpecSet.put(Lcom/android/dx/rop/code/RegisterSpec;)V @ 77
Event: 1.304 Thread 0x0000000016391000 Uncommon trap: reason=unstable_if action=reinterpret pc=0x00000000025436e4 method=com.android.dx.rop.code.RegisterSpecSet.put(Lcom/android/dx/rop/code/RegisterSpec;)V @ 77
Event: 1.306 Thread 0x0000000016391000 Uncommon trap: reason=bimorphic action=maybe_recompile pc=0x0000000002461aac method=java.util.HashMap.getNode(ILjava/lang/Object;)Ljava/util/HashMap$Node; @ 126

Internal exceptions (2 events):
Event: 0.113 Thread 0x00000000020e0800 Exception <a 'java/lang/NoSuchMethodError': Method sun.misc.Unsafe.defineClass(Ljava/lang/String;[BII)Ljava/lang/Class; name or signature does not match> (0x00000000eab0d6d0) thrown at [D:\re\puppet\workspace\8-2-build-windows-amd64-cygwin\jdk8u73\6086\hot7_†Iþ¼?
Event: 0.113 Thread 0x00000000020e0800 Exception <a 'java/lang/NoSuchMethodError': Method sun.misc.Unsafe.prefetchRead(Ljava/lang/Object;J)V name or signature does not match> (0x00000000eab0d9b8) thrown at [D:\re\puppet\workspace\8-2-build-windows-amd64-cygwin\jdk8u73\6086\hotspot\src\share\vm\

Events (10 events):
Event: 1.272 Executing VM operation: Deoptimize done
Event: 1.304 Thread 0x0000000016391000 Uncommon trap: trap_request=0xffffff65 fr.pc=0x00000000024c5bac
Event: 1.304 Thread 0x0000000016391000 DEOPT PACKING pc=0x00000000024c5bac sp=0x00000000168de990
Event: 1.304 Thread 0x0000000016391000 DEOPT UNPACKING pc=0x000000000222582a sp=0x00000000168de918 mode 2
Event: 1.304 Thread 0x0000000016391000 Uncommon trap: trap_request=0xffffff65 fr.pc=0x00000000025436e4
Event: 1.304 Thread 0x0000000016391000 DEOPT PACKING pc=0x00000000025436e4 sp=0x00000000168de980
Event: 1.304 Thread 0x0000000016391000 DEOPT UNPACKING pc=0x000000000222582a sp=0x00000000168de8a0 mode 2
Event: 1.306 Thread 0x0000000016391000 Uncommon trap: trap_request=0xffffffc6 fr.pc=0x0000000002461aac
Event: 1.306 Thread 0x0000000016391000 DEOPT PACKING pc=0x0000000002461aac sp=0x00000000168dea00
Event: 1.306 Thread 0x0000000016391000 DEOPT UNPACKING pc=0x000000000222582a sp=0x00000000168de918 mode 2


Dynamic libraries:
0x00007ff6418a0000 - 0x00007ff6418d7000 	C:\Program Files\Java\jdk1.8.0_73\bin\java.exe
0x00007ff820ab0000 - 0x00007ff820c71000 	C:\WINDOWS\SYSTEM32\ntdll.dll
0x00007ff8206a0000 - 0x00007ff82074d000 	C:\WINDOWS\system32\KERNEL32.DLL
0x00007ff81d860000 - 0x00007ff81da48000 	C:\WINDOWS\system32\KERNELBASE.dll
0x00007ff81dfd0000 - 0x00007ff81e077000 	C:\WINDOWS\system32\ADVAPI32.dll
0x00007ff81fa30000 - 0x00007ff81facd000 	C:\WINDOWS\system32\msvcrt.dll
0x00007ff820310000 - 0x00007ff82036b000 	C:\WINDOWS\system32\sechost.dll
0x00007ff81deb0000 - 0x00007ff81dfcc000 	C:\WINDOWS\system32\RPCRT4.dll
0x00007ff81e370000 - 0x00007ff81e4c6000 	C:\WINDOWS\system32\USER32.dll
0x00007ff81fb80000 - 0x00007ff81fd06000 	C:\WINDOWS\system32\GDI32.dll
0x00007ff818ba0000 - 0x00007ff818e14000 	C:\WINDOWS\WinSxS\amd64_microsoft.windows.common-controls_6595b64144ccf1df_6.0.10586.0_none_8c15ae12515e1c22\COMCTL32.dll
0x00007ff8203b0000 - 0x00007ff82062d000 	C:\WINDOWS\system32\combase.dll
0x00007ff81de40000 - 0x00007ff81deaa000 	C:\WINDOWS\system32\bcryptPrimitives.dll
0x00007ff820370000 - 0x00007ff8203ab000 	C:\WINDOWS\system32\IMM32.DLL
0x000000005a160000 - 0x000000005a232000 	C:\Program Files\Java\jdk1.8.0_73\jre\bin\msvcr100.dll
0x000000005a600000 - 0x000000005ae90000 	C:\Program Files\Java\jdk1.8.0_73\jre\bin\server\jvm.dll
0x00007ff820aa0000 - 0x00007ff820aa8000 	C:\WINDOWS\system32\PSAPI.DLL
0x00007ff81b0b0000 - 0x00007ff81b0b9000 	C:\WINDOWS\SYSTEM32\WSOCK32.dll
0x00007ff820a30000 - 0x00007ff820a9b000 	C:\WINDOWS\system32\WS2_32.dll
0x00007ff81b350000 - 0x00007ff81b373000 	C:\WINDOWS\SYSTEM32\WINMM.dll
0x00007ff8192d0000 - 0x00007ff8192da000 	C:\WINDOWS\SYSTEM32\VERSION.dll
0x00007ff81b2f0000 - 0x00007ff81b31c000 	C:\WINDOWS\SYSTEM32\WINMMBASE.dll
0x00007ff81ddf0000 - 0x00007ff81de33000 	C:\WINDOWS\system32\cfgmgr32.dll
0x000000005a5f0000 - 0x000000005a5ff000 	C:\Program Files\Java\jdk1.8.0_73\jre\bin\verify.dll
0x000000005a5c0000 - 0x000000005a5e9000 	C:\Program Files\Java\jdk1.8.0_73\jre\bin\java.dll
0x000000005a5a0000 - 0x000000005a5b6000 	C:\Program Files\Java\jdk1.8.0_73\jre\bin\zip.dll
0x00007ff81e4d0000 - 0x00007ff81fa2c000 	C:\WINDOWS\system32\SHELL32.dll
0x00007ff81d160000 - 0x00007ff81d7a5000 	C:\WINDOWS\system32\windows.storage.dll
0x00007ff8209d0000 - 0x00007ff820a22000 	C:\WINDOWS\system32\shlwapi.dll
0x00007ff81d150000 - 0x00007ff81d15f000 	C:\WINDOWS\system32\kernel.appcore.dll
0x00007ff81dc40000 - 0x00007ff81dcf5000 	C:\WINDOWS\system32\shcore.dll
0x00007ff81d0f0000 - 0x00007ff81d13b000 	C:\WINDOWS\system32\powrprof.dll
0x00007ff81d0d0000 - 0x00007ff81d0e4000 	C:\WINDOWS\system32\profapi.dll

VM Arguments:
jvm_args: -Djava.awt.headless=true -Xmx1024M -Dfile.encoding=windows-1252 -Duser.country=US -Duser.language=en -Duser.variant 
java_command: com.android.dx.command.Main --dex --num-threads=4 --output C:\Users\Nasir\AndroidStudioProjects\Workshop\Workshop\app\build\intermediates\pre-dexed\debug\com.android.support-support-vector-drawable-23.2.1_9950719ace939e3cbd476fb9247d66f1e66b4061.jar C:\Users\Nasir\AndroidStudioProjects\Workshop\Workshop\app\build\intermediates\exploded-aar\com.android.support\support-vector-drawable\23.2.1\jars\classes.jar
java_class_path (initial): C:\Users\Nasir\AppData\Local\Android\sdk\build-tools\23.0.3\lib\dx.jar
Launcher Type: SUN_STANDARD

Environment Variables:
PATH=C:\ProgramData\Oracle\Java\javapath;C:\Windows\system32;C:\Windows;C:\Windows\System32\Wbem;C:\Windows\System32\WindowsPowerShell\v1.0\;C:\Program Files (x86)\NVIDIA Corporation\PhysX\Common;C:\Program Files (x86)\Skype\Phone\;C:\WINDOWS\system32;C:\WINDOWS;C:\WINDOWS\System32\Wbem;C:\WINDOWS\System32\WindowsPowerShell\v1.0\;C:\Program Files\Microsoft SQL Server\Client SDK\ODBC\110\Tools\Binn\;C:\Program Files (x86)\Microsoft SQL Server\120\Tools\Binn\;C:\Program Files\Microsoft SQL Server\120\Tools\Binn\;C:\Program Files\Microsoft SQL Server\120\DTS\Binn\;C:\Program Files (x86)\Windows Kits\8.1\Windows Performance Toolkit\
USERNAME=Nasir
OS=Windows_NT
PROCESSOR_IDENTIFIER=Intel64 Family 6 Model 60 Stepping 3, GenuineIntel



---------------  S Y S T E M  ---------------

OS: Windows 10.0 , 64 bit Build 10586 (10.0.10586.0)

CPU:total 4 (4 cores per cpu, 1 threads per core) family 6 model 60 stepping 3, cmov, cx8, fxsr, mmx, sse, sse2, sse3, ssse3, sse4.1, sse4.2, popcnt, avx, avx2, aes, clmul, erms, lzcnt, tsc, tscinvbit, bmi1, bmi2

Memory: 4k page, physical 8329732k(2191552k free), swap 11897688k(5392k free)

vm_info: Java HotSpot(TM) 64-Bit Server VM (25.73-b02) for windows-amd64 JRE (1.8.0_73-b02), built on Jan 29 2016 17:38:49 by "java_re" with MS VC++ 10.0 (VS2010)

time: Sun Apr 10 22:29:54 2016
elapsed time: 1 seconds (0d 0h 0m 1s)

